

~Wed Oct 12 12:35:03 2022
 	 Info log: Server Closed
~Wed Oct 12 12:35:03 2022
 	 Info log: Server Closed

~Wed Oct 12 12:36:02 2022
 	 Info log: Server Closed

~Wed Oct 12 12:42:05 2022
 	 Info log: Server Closed

~Wed Oct 12 12:43:54 2022
 	 Info log: User left

~Wed Oct 12 12:43:56 2022
 	 Info log: Server Closed

~Wed Oct 12 12:44:39 2022
 	 Info log: Server Closed

~Wed Oct 12 12:49:02 2022
 	 Info log: Server Closed

~Wed Oct 12 13:00:48 2022
 	 Info log: User left

~Wed Oct 12 13:00:49 2022
 	 Info log: Server Closed

~Wed Oct 12 13:01:49 2022
 	 Fatal log: send() error

~Wed Oct 12 13:01:49 2022
 	 Info log: File Downloaded Successfully

~Wed Oct 12 13:27:32 2022
 	 Info log: Server Closed

~Wed Oct 12 13:31:28 2022
 	 Info log: Server Closed

~Wed Oct 12 13:44:15 2022
 	 Info log: User left

~Wed Oct 12 13:44:20 2022
 	 Info log: Server Closed

~Wed Oct 12 13:48:27 2022
 	 Info log: User left
