
~~Wed Oct  5 13:37:08 2022
	Info log: [+] Server accepts the client
-------------

~~Wed Oct  5 13:37:18 2022
	File cannot be opened
-------------

~~Wed Oct  5 13:38:58 2022
	Info log: [+] Server accepts the client
-------------

~~Wed Oct  5 13:39:36 2022
	Info log: [+] Server accepts the client
-------------

~~Wed Oct  5 13:41:05 2022
	Info log: [+] Server accepts the client
-------------

~~Wed Oct  5 13:41:34 2022
	Info log: [+] Server accepts the client
-------------

~~Wed Oct  5 13:45:36 2022
	Info log: [+] Server accepts the client
-------------

~~Wed Oct  5 13:49:42 2022
	Info log: [+] Server accepts the client
-------------

~~Wed Oct  5 13:51:04 2022
	Info log: [+] Server accepts the client
-------------

~~Wed Oct  5 13:52:55 2022
	Info log: [+] Server accepts the client
-------------

~~Wed Oct  5 13:53:31 2022
	Info log: [+] Server accepts the client
-------------

~~Wed Oct  5 13:53:40 2022
	Info log: [+] Server accepts the client
-------------

~~Wed Oct  5 13:55:47 2022
	Info log: [+] Server accepts the client
-------------

~~Wed Oct  5 13:56:02 2022
	Info log: [+] Server accepts the client
-------------

~~Wed Oct  5 14:14:02 2022
	Info log: [+] Server accepts the client
-------------

~~Wed Oct  5 14:19:58 2022
	Info log: [+] Server accepts the client
-------------

~~Wed Oct  5 14:20:14 2022
	Info log: [+] Server accepts the client
-------------

~~Wed Oct  5 20:49:16 2022
	Info log: [+] Server accepts the client
-------------

~~Wed Oct  5 20:49:38 2022
	Info log: [+] Server accepts the client
-------------

~~Wed Oct  5 21:11:44 2022
	Info log: [+] Server accepts the client
-------------

~~Wed Oct  5 21:11:53 2022
	Info log: [+] Server accepts the client
-------------

~~Wed Oct  5 21:14:11 2022
	Info log: [+] Server accepts the client
-------------

~~Wed Oct  5 21:14:30 2022
	Info log: [+] Server accepts the client
-------------

~~Wed Oct  5 21:17:32 2022
	Info log: [+] Server accepts the client
-------------

~~Wed Oct  5 21:19:17 2022
	Info log: [+] Server accepts the client
-------------

~~Wed Oct  5 21:32:57 2022
	Info log: [+] Server accepts the client
-------------

~~Wed Oct  5 21:40:08 2022
	Info log: [+] Server accepts the client
-------------

~~Wed Oct  5 21:43:30 2022
	Info log: [+] Server accepts the client
-------------

~~Wed Oct  5 21:46:06 2022
	Info log: [+] Server accepts the client
-------------

~~Wed Oct  5 21:46:57 2022
	Info log: [+] Server accepts the client
-------------

~~Wed Oct  5 21:55:02 2022
	Info log: [+] Server accepts the client
-------------

~~Wed Oct  5 21:56:24 2022
	Info log: [+] Server accepts the client
-------------

~~Wed Oct  5 22:00:01 2022
	Info log: [+] Server accepts the client
-------------

~~Wed Oct  5 23:07:59 2022
	Info log: [+] Server accepts the client
-------------

~~Wed Oct  5 23:09:40 2022
	Info log: [+] Server accepts the client
-------------

~~Wed Oct  5 23:14:24 2022
	Info log: [+] Server accepts the client
-------------

~~Wed Oct  5 23:21:02 2022
	Info log: [+] Server accepts the client
-------------

~~Wed Oct  5 23:25:20 2022
	Info log: [+] Server accepts the client
-------------

~~Wed Oct  5 23:28:00 2022
	Info log: [+] Server accepts the client
-------------

~~Thu Oct  6 00:32:49 2022
	Info log: [+] Server accepts the client
-------------

~~Thu Oct  6 00:37:30 2022
	Info log: [+] Server accepts the client
-------------

~~Thu Oct  6 00:41:13 2022
	Info log: [+] Server accepts the client
-------------

~~Thu Oct  6 00:51:51 2022
	Info log: [+] Server accepts the client
-------------

~~Thu Oct  6 00:53:28 2022
	Info log: [+] Server accepts the client
-------------

~~Thu Oct  6 00:55:24 2022
	Info log: [+] Server accepts the client
-------------

~~Thu Oct  6 00:57:47 2022
	Info log: [+] Server accepts the client
-------------

~~Thu Oct  6 01:01:01 2022
	Info log: [+] Server accepts the client
-------------

~~Thu Oct  6 01:02:16 2022
	Info log: [+] Server accepts the client
-------------

~~Thu Oct  6 01:02:53 2022
	Info log: [+] Server accepts the client
-------------

~~Thu Oct  6 01:04:20 2022
	Info log: [+] Server accepts the client
-------------

~~Thu Oct  6 01:06:08 2022
	Info log: [+] Server accepts the client
-------------

~~Thu Oct  6 14:08:55 2022
	Info log: [+] Server accepts the client
-------------

~~Thu Oct  6 14:09:07 2022
	Info log: [+] Server accepts the client
-------------

~~Thu Oct  6 14:11:37 2022
	Info log: [+] Server accepts the client
-------------

~~Thu Oct  6 16:57:51 2022
	Info log: [+] Server accepts the client
-------------

~~Thu Oct  6 17:00:27 2022
	Info log: [+] Server accepts the client
-------------

~~Thu Oct  6 17:02:33 2022
	Info log: [+] Server accepts the client
-------------

~~Thu Oct  6 18:05:22 2022
	Info log: [+] Server accepts the client
-------------

~~Fri Oct  7 01:04:33 2022
	Info log: [+] Server accepts the client
-------------

~~Fri Oct  7 01:08:40 2022
	Info log: [+] Server accepts the client
-------------

~~Fri Oct  7 01:11:50 2022
	Info log: [+] Server accepts the client
-------------

~~Fri Oct  7 01:15:13 2022
	Info log: [+] Server accepts the client
-------------

~~Fri Oct  7 01:42:06 2022
	Info log: [+] Server accepts the client
-------------

~~Fri Oct  7 01:45:46 2022
	Info log: [+] Server accepts the client
-------------

~~Fri Oct  7 15:45:24 2022
	Info log: [+] Server accepts the client
-------------

~~Fri Oct  7 15:46:58 2022
	Info log: [+] Server accepts the client
-------------
Fri Oct  7 16:54:22 2022
 - Info log: Server accepts the client
Fri Oct  7 17:21:54 2022
 - Info log: Server accepts the client
Fri Oct  7 17:31:12 2022
 - Info log: Server accepts the client
Fri Oct  7 17:33:00 2022
 - Info log: Server accepts the client
Fri Oct  7 23:45:51 2022
 - Info log: Server accepts the client
Sat Oct  8 00:15:30 2022
 - Info log: Server accepts the client
Sat Oct  8 00:16:53 2022
 - Fatal log: send() error
Sat Oct  8 00:17:53 2022
 - Fatal log: bind() error
Sat Oct  8 00:17:56 2022
 - Fatal log: bind() error
Sat Oct  8 00:18:07 2022
 - Fatal log: bind() error
Sat Oct  8 00:18:45 2022
 - Info log: Server accepts the client
Sat Oct  8 00:19:02 2022
 - Info log: Server accepts the client
Sat Oct  8 00:20:18 2022
 - Fatal log: send() error
Sat Oct  8 00:35:53 2022
 - Info log: Server accepts the client
Sat Oct  8 00:36:53 2022
 - Fatal log: send() error
Sat Oct  8 00:39:01 2022
 - Info log: Server accepts the client
Sat Oct  8 00:39:49 2022
 - Fatal log: send() error
Sat Oct  8 00:45:05 2022
 - Info log: Server accepts the client
Sat Oct  8 00:45:22 2022
 - Info log: Server accepts the client
Sat Oct  8 00:47:46 2022
 - Fatal log: send() error
Sat Oct  8 00:55:58 2022
 - Info log: Server accepts the client
Sat Oct  8 01:02:24 2022
 - Info log: Server accepts the client
Sat Oct  8 01:03:30 2022
 - Fatal log: send() error
Sat Oct  8 01:06:18 2022
 - Info log: Server accepts the client
Sat Oct  8 01:30:00 2022
 - Info log: Server accepts the client
Sat Oct  8 01:53:10 2022
 - Info log: Server accepts the client
Sat Oct  8 01:55:06 2022
 - Fatal log: send() error
